[2026-04-26 13:32:28] WARNING [django.request] Not Found: /
[2026-04-26 13:32:28] WARNING [django.request] Not Found: /favicon.ico
[2026-04-26 13:34:14] WARNING [django.request] Method Not Allowed (GET): /api/register/
[2026-04-26 13:34:21] WARNING [django.request] Method Not Allowed (GET): /api/register/
[2026-04-26 13:35:35] INFO [payment_api] New user registered: 'alice'.
[2026-04-26 13:35:46] ERROR [django.request] Internal Server Error: /api/login/
Traceback (most recent call last):
  File "C:\Users\User\lab2_secure_api\venv\Lib\site-packages\django\db\backends\utils.py", line 105, in _execute
    return self.cursor.execute(sql, params)
           ^^^^^^^^^^^^^^^^^^^^^^^^^^^^^^^^
  File "C:\Users\User\lab2_secure_api\venv\Lib\site-packages\django\db\backends\sqlite3\base.py", line 359, in execute
    return super().execute(query, params)
           ^^^^^^^^^^^^^^^^^^^^^^^^^^^^^^
sqlite3.OperationalError: no such table: payment_api_loginattempt

The above exception was the direct cause of the following exception:

Traceback (most recent call last):
  File "C:\Users\User\lab2_secure_api\venv\Lib\site-packages\django\core\handlers\exception.py", line 55, in inner
    response = get_response(request)
               ^^^^^^^^^^^^^^^^^^^^^
  File "C:\Users\User\lab2_secure_api\venv\Lib\site-packages\django\core\handlers\base.py", line 198, in _get_response
    response = wrapped_callback(request, *callback_args, **callback_kwargs)
               ^^^^^^^^^^^^^^^^^^^^^^^^^^^^^^^^^^^^^^^^^^^^^^^^^^^^^^^^^^^^
  File "C:\Users\User\lab2_secure_api\venv\Lib\site-packages\django\views\decorators\csrf.py", line 65, in _view_wrapper
    return view_func(request, *args, **kwargs)
           ^^^^^^^^^^^^^^^^^^^^^^^^^^^^^^^^^^^
  File "C:\Users\User\lab2_secure_api\venv\Lib\site-packages\django\views\decorators\http.py", line 64, in inner
    return func(request, *args, **kwargs)
           ^^^^^^^^^^^^^^^^^^^^^^^^^^^^^^
  File "C:\Users\User\lab2_secure_api\venv\Lib\site-packages\django_ratelimit\decorators.py", line 27, in _wrapped
    return fn(request, *args, **kw)
           ^^^^^^^^^^^^^^^^^^^^^^^^
  File "C:\Users\User\lab2_secure_api\payment_api\views.py", line 112, in login_view
    LoginAttempt.objects.create(
  File "C:\Users\User\lab2_secure_api\venv\Lib\site-packages\django\db\models\manager.py", line 87, in manager_method
    return getattr(self.get_queryset(), name)(*args, **kwargs)
           ^^^^^^^^^^^^^^^^^^^^^^^^^^^^^^^^^^^^^^^^^^^^^^^^^^^
  File "C:\Users\User\lab2_secure_api\venv\Lib\site-packages\django\db\models\query.py", line 669, in create
    obj.save(force_insert=True, using=self.db)
  File "C:\Users\User\lab2_secure_api\venv\Lib\site-packages\django\db\models\base.py", line 874, in save
    self.save_base(
  File "C:\Users\User\lab2_secure_api\venv\Lib\site-packages\django\db\models\base.py", line 966, in save_base
    updated = self._save_table(
              ^^^^^^^^^^^^^^^^^
  File "C:\Users\User\lab2_secure_api\venv\Lib\site-packages\django\db\models\base.py", line 1169, in _save_table
    results = self._do_insert(
              ^^^^^^^^^^^^^^^^
  File "C:\Users\User\lab2_secure_api\venv\Lib\site-packages\django\db\models\base.py", line 1220, in _do_insert
    return manager._insert(
           ^^^^^^^^^^^^^^^^
  File "C:\Users\User\lab2_secure_api\venv\Lib\site-packages\django\db\models\manager.py", line 87, in manager_method
    return getattr(self.get_queryset(), name)(*args, **kwargs)
           ^^^^^^^^^^^^^^^^^^^^^^^^^^^^^^^^^^^^^^^^^^^^^^^^^^^
  File "C:\Users\User\lab2_secure_api\venv\Lib\site-packages\django\db\models\query.py", line 1918, in _insert
    return query.get_compiler(using=using).execute_sql(returning_fields)
           ^^^^^^^^^^^^^^^^^^^^^^^^^^^^^^^^^^^^^^^^^^^^^^^^^^^^^^^^^^^^^
  File "C:\Users\User\lab2_secure_api\venv\Lib\site-packages\django\db\models\sql\compiler.py", line 1925, in execute_sql
    cursor.execute(sql, params)
  File "C:\Users\User\lab2_secure_api\venv\Lib\site-packages\django\db\backends\utils.py", line 122, in execute
    return super().execute(sql, params)
           ^^^^^^^^^^^^^^^^^^^^^^^^^^^^
  File "C:\Users\User\lab2_secure_api\venv\Lib\site-packages\django\db\backends\utils.py", line 79, in execute
    return self._execute_with_wrappers(
           ^^^^^^^^^^^^^^^^^^^^^^^^^^^^
  File "C:\Users\User\lab2_secure_api\venv\Lib\site-packages\django\db\backends\utils.py", line 92, in _execute_with_wrappers
    return executor(sql, params, many, context)
           ^^^^^^^^^^^^^^^^^^^^^^^^^^^^^^^^^^^^
  File "C:\Users\User\lab2_secure_api\venv\Lib\site-packages\django\db\backends\utils.py", line 100, in _execute
    with self.db.wrap_database_errors:
         ^^^^^^^^^^^^^^^^^^^^^^^^^^^^
  File "C:\Users\User\lab2_secure_api\venv\Lib\site-packages\django\db\utils.py", line 94, in __exit__
    raise dj_exc_value.with_traceback(traceback) from exc_value
  File "C:\Users\User\lab2_secure_api\venv\Lib\site-packages\django\db\backends\utils.py", line 105, in _execute
    return self.cursor.execute(sql, params)
           ^^^^^^^^^^^^^^^^^^^^^^^^^^^^^^^^
  File "C:\Users\User\lab2_secure_api\venv\Lib\site-packages\django\db\backends\sqlite3\base.py", line 359, in execute
    return super().execute(query, params)
           ^^^^^^^^^^^^^^^^^^^^^^^^^^^^^^
django.db.utils.OperationalError: no such table: payment_api_loginattempt
[2026-04-26 13:36:46] WARNING [django.request] Conflict: /api/register/
[2026-04-26 13:36:52] INFO [payment_api] Successful login | username='alice' | ip=127.0.0.1
[2026-04-26 13:37:02] WARNING [django.request] Unauthorized: /api/cards/
[2026-04-26 13:37:33] WARNING [django.request] Unauthorized: /api/login/
[2026-04-26 13:37:37] INFO [payment_api] New user registered: 'bob'.
[2026-04-26 13:37:42] INFO [payment_api] Successful login | username='bob' | ip=127.0.0.1
[2026-04-26 13:37:51] WARNING [django.request] Unauthorized: /api/cards/
[2026-04-26 13:38:15] INFO [payment_api] Successful login | username='bob' | ip=127.0.0.1
[2026-04-26 13:38:22] WARNING [django.request] Unauthorized: /api/cards/
[2026-04-26 13:40:06] WARNING [django.request] Not Found: /
[2026-04-26 13:40:12] WARNING [django.request] Method Not Allowed (GET): /api/register/
[2026-04-26 13:40:31] INFO [payment_api] Successful login | username='bob' | ip=127.0.0.1
[2026-04-26 13:40:35] WARNING [django.request] Unauthorized: /api/cards/
[2026-04-26 13:40:54] WARNING [django.request] Not Found: /
[2026-04-26 13:40:55] WARNING [django.request] Not Found: /
[2026-04-26 13:40:55] WARNING [django.request] Not Found: /
[2026-04-26 13:40:55] WARNING [django.request] Not Found: /
[2026-04-26 13:40:56] WARNING [django.request] Not Found: /
[2026-04-26 13:43:19] INFO [payment_api] Card number encrypted and stored for holder 'Dave Smith'.
[2026-04-26 13:43:19] INFO [payment_api] Card number encrypted and stored for holder 'Dave Smith'.
[2026-04-26 13:43:19] INFO [payment_api] Card number encrypted and stored for holder 'Dave Smith'.
[2026-04-26 13:43:20] INFO [payment_api] New user registered: 'charlie'.
[2026-04-26 13:43:20] WARNING [django.request] Bad Request: /api/cards/decrypt/
[2026-04-26 13:43:20] WARNING [django.request] Unauthorized: /api/login/
[2026-04-26 13:43:20] WARNING [django.request] Bad Request: /api/cards/decrypt/
[2026-04-26 13:43:21] WARNING [django.request] Unauthorized: /api/login/
[2026-04-26 13:43:21] WARNING [django.request] Unauthorized: /api/login/
[2026-04-26 13:43:21] WARNING [django.request] Unauthorized: /api/login/
[2026-04-26 13:43:21] WARNING [django.request] Unauthorized: /api/login/
[2026-04-26 13:43:21] WARNING [django.request] Forbidden (Permission denied): /api/login/
Traceback (most recent call last):
  File "C:\Users\User\lab2_secure_api\venv\Lib\site-packages\django\core\handlers\exception.py", line 55, in inner
    response = get_response(request)
               ^^^^^^^^^^^^^^^^^^^^^
  File "C:\Users\User\lab2_secure_api\venv\Lib\site-packages\django\core\handlers\base.py", line 198, in _get_response
    response = wrapped_callback(request, *callback_args, **callback_kwargs)
               ^^^^^^^^^^^^^^^^^^^^^^^^^^^^^^^^^^^^^^^^^^^^^^^^^^^^^^^^^^^^
  File "C:\Users\User\lab2_secure_api\venv\Lib\site-packages\django\views\decorators\csrf.py", line 65, in _view_wrapper
    return view_func(request, *args, **kwargs)
           ^^^^^^^^^^^^^^^^^^^^^^^^^^^^^^^^^^^
  File "C:\Users\User\lab2_secure_api\venv\Lib\site-packages\django\views\decorators\http.py", line 64, in inner
    return func(request, *args, **kwargs)
           ^^^^^^^^^^^^^^^^^^^^^^^^^^^^^^
  File "C:\Users\User\lab2_secure_api\venv\Lib\site-packages\django_ratelimit\decorators.py", line 26, in _wrapped
    raise (import_string(cls) if isinstance(cls, str) else cls)()
django_ratelimit.exceptions.Ratelimited
[2026-04-26 13:43:21] WARNING [django.request] Forbidden (Permission denied): /api/login/
Traceback (most recent call last):
  File "C:\Users\User\lab2_secure_api\venv\Lib\site-packages\django\core\handlers\exception.py", line 55, in inner
    response = get_response(request)
               ^^^^^^^^^^^^^^^^^^^^^
  File "C:\Users\User\lab2_secure_api\venv\Lib\site-packages\django\core\handlers\base.py", line 198, in _get_response
    response = wrapped_callback(request, *callback_args, **callback_kwargs)
               ^^^^^^^^^^^^^^^^^^^^^^^^^^^^^^^^^^^^^^^^^^^^^^^^^^^^^^^^^^^^
  File "C:\Users\User\lab2_secure_api\venv\Lib\site-packages\django\views\decorators\csrf.py", line 65, in _view_wrapper
    return view_func(request, *args, **kwargs)
           ^^^^^^^^^^^^^^^^^^^^^^^^^^^^^^^^^^^
  File "C:\Users\User\lab2_secure_api\venv\Lib\site-packages\django\views\decorators\http.py", line 64, in inner
    return func(request, *args, **kwargs)
           ^^^^^^^^^^^^^^^^^^^^^^^^^^^^^^
  File "C:\Users\User\lab2_secure_api\venv\Lib\site-packages\django_ratelimit\decorators.py", line 26, in _wrapped
    raise (import_string(cls) if isinstance(cls, str) else cls)()
django_ratelimit.exceptions.Ratelimited
[2026-04-26 13:43:21] WARNING [django.request] Forbidden (Permission denied): /api/login/
Traceback (most recent call last):
  File "C:\Users\User\lab2_secure_api\venv\Lib\site-packages\django\core\handlers\exception.py", line 55, in inner
    response = get_response(request)
               ^^^^^^^^^^^^^^^^^^^^^
  File "C:\Users\User\lab2_secure_api\venv\Lib\site-packages\django\core\handlers\base.py", line 198, in _get_response
    response = wrapped_callback(request, *callback_args, **callback_kwargs)
               ^^^^^^^^^^^^^^^^^^^^^^^^^^^^^^^^^^^^^^^^^^^^^^^^^^^^^^^^^^^^
  File "C:\Users\User\lab2_secure_api\venv\Lib\site-packages\django\views\decorators\csrf.py", line 65, in _view_wrapper
    return view_func(request, *args, **kwargs)
           ^^^^^^^^^^^^^^^^^^^^^^^^^^^^^^^^^^^
  File "C:\Users\User\lab2_secure_api\venv\Lib\site-packages\django\views\decorators\http.py", line 64, in inner
    return func(request, *args, **kwargs)
           ^^^^^^^^^^^^^^^^^^^^^^^^^^^^^^
  File "C:\Users\User\lab2_secure_api\venv\Lib\site-packages\django_ratelimit\decorators.py", line 26, in _wrapped
    raise (import_string(cls) if isinstance(cls, str) else cls)()
django_ratelimit.exceptions.Ratelimited
[2026-04-26 13:43:21] WARNING [django.request] Unauthorized: /api/cards/decrypt/
[2026-04-26 13:43:22] WARNING [django.request] Unauthorized: /api/cards/
[2026-04-26 13:43:22] WARNING [django.request] Unauthorized: /api/cards/
[2026-04-26 13:48:16] INFO [payment_api] Card number encrypted and stored for holder 'Dave Smith'.
[2026-04-26 13:48:16] INFO [payment_api] Card number encrypted and stored for holder 'Dave Smith'.
[2026-04-26 13:48:16] INFO [payment_api] Card number encrypted and stored for holder 'Dave Smith'.
[2026-04-26 13:48:17] INFO [payment_api] New user registered: 'charlie'.
[2026-04-26 13:48:17] WARNING [django.request] Bad Request: /api/cards/decrypt/
[2026-04-26 13:48:17] WARNING [django.request] Unauthorized: /api/login/
[2026-04-26 13:48:17] WARNING [django.request] Bad Request: /api/cards/decrypt/
[2026-04-26 13:48:18] WARNING [django.request] Unauthorized: /api/login/
[2026-04-26 13:48:18] WARNING [django.request] Unauthorized: /api/login/
[2026-04-26 13:48:18] WARNING [django.request] Unauthorized: /api/login/
[2026-04-26 13:48:18] WARNING [django.request] Unauthorized: /api/login/
[2026-04-26 13:48:18] WARNING [django.request] Forbidden (Permission denied): /api/login/
Traceback (most recent call last):
  File "C:\Users\User\lab2_secure_api\venv\Lib\site-packages\django\core\handlers\exception.py", line 55, in inner
    response = get_response(request)
               ^^^^^^^^^^^^^^^^^^^^^
  File "C:\Users\User\lab2_secure_api\venv\Lib\site-packages\django\core\handlers\base.py", line 198, in _get_response
    response = wrapped_callback(request, *callback_args, **callback_kwargs)
               ^^^^^^^^^^^^^^^^^^^^^^^^^^^^^^^^^^^^^^^^^^^^^^^^^^^^^^^^^^^^
  File "C:\Users\User\lab2_secure_api\venv\Lib\site-packages\django\views\decorators\csrf.py", line 65, in _view_wrapper
    return view_func(request, *args, **kwargs)
           ^^^^^^^^^^^^^^^^^^^^^^^^^^^^^^^^^^^
  File "C:\Users\User\lab2_secure_api\venv\Lib\site-packages\django\views\decorators\http.py", line 64, in inner
    return func(request, *args, **kwargs)
           ^^^^^^^^^^^^^^^^^^^^^^^^^^^^^^
  File "C:\Users\User\lab2_secure_api\venv\Lib\site-packages\django_ratelimit\decorators.py", line 26, in _wrapped
    raise (import_string(cls) if isinstance(cls, str) else cls)()
django_ratelimit.exceptions.Ratelimited
[2026-04-26 13:48:18] WARNING [django.request] Forbidden (Permission denied): /api/login/
Traceback (most recent call last):
  File "C:\Users\User\lab2_secure_api\venv\Lib\site-packages\django\core\handlers\exception.py", line 55, in inner
    response = get_response(request)
               ^^^^^^^^^^^^^^^^^^^^^
  File "C:\Users\User\lab2_secure_api\venv\Lib\site-packages\django\core\handlers\base.py", line 198, in _get_response
    response = wrapped_callback(request, *callback_args, **callback_kwargs)
               ^^^^^^^^^^^^^^^^^^^^^^^^^^^^^^^^^^^^^^^^^^^^^^^^^^^^^^^^^^^^
  File "C:\Users\User\lab2_secure_api\venv\Lib\site-packages\django\views\decorators\csrf.py", line 65, in _view_wrapper
    return view_func(request, *args, **kwargs)
           ^^^^^^^^^^^^^^^^^^^^^^^^^^^^^^^^^^^
  File "C:\Users\User\lab2_secure_api\venv\Lib\site-packages\django\views\decorators\http.py", line 64, in inner
    return func(request, *args, **kwargs)
           ^^^^^^^^^^^^^^^^^^^^^^^^^^^^^^
  File "C:\Users\User\lab2_secure_api\venv\Lib\site-packages\django_ratelimit\decorators.py", line 26, in _wrapped
    raise (import_string(cls) if isinstance(cls, str) else cls)()
django_ratelimit.exceptions.Ratelimited
[2026-04-26 13:48:18] WARNING [django.request] Unauthorized: /api/cards/decrypt/
[2026-04-26 13:48:19] WARNING [django.request] Unauthorized: /api/cards/
[2026-04-26 13:48:19] WARNING [django.request] Unauthorized: /api/cards/
[2026-04-26 13:51:09] INFO [payment_api] Card number encrypted and stored for holder 'Dave Smith'.
[2026-04-26 13:51:09] INFO [payment_api] Card number encrypted and stored for holder 'Dave Smith'.
[2026-04-26 13:51:09] INFO [payment_api] Card number encrypted and stored for holder 'Dave Smith'.
[2026-04-26 13:51:10] INFO [payment_api] New user registered: 'charlie'.
[2026-04-26 13:51:10] WARNING [django.request] Bad Request: /api/cards/decrypt/
[2026-04-26 13:51:10] WARNING [django.request] Unauthorized: /api/login/
[2026-04-26 13:51:10] WARNING [django.request] Bad Request: /api/cards/decrypt/
[2026-04-26 13:51:10] WARNING [django.request] Unauthorized: /api/login/
[2026-04-26 13:51:11] WARNING [django.request] Unauthorized: /api/login/
[2026-04-26 13:51:11] WARNING [django.request] Unauthorized: /api/login/
[2026-04-26 13:51:11] WARNING [django.request] Unauthorized: /api/login/
[2026-04-26 13:51:11] WARNING [django.request] Unauthorized: /api/login/
[2026-04-26 13:51:11] WARNING [django.request] Forbidden (Permission denied): /api/login/
Traceback (most recent call last):
  File "C:\Users\User\lab2_secure_api\venv\Lib\site-packages\django\core\handlers\exception.py", line 55, in inner
    response = get_response(request)
               ^^^^^^^^^^^^^^^^^^^^^
  File "C:\Users\User\lab2_secure_api\venv\Lib\site-packages\django\core\handlers\base.py", line 198, in _get_response
    response = wrapped_callback(request, *callback_args, **callback_kwargs)
               ^^^^^^^^^^^^^^^^^^^^^^^^^^^^^^^^^^^^^^^^^^^^^^^^^^^^^^^^^^^^
  File "C:\Users\User\lab2_secure_api\venv\Lib\site-packages\django\views\decorators\csrf.py", line 65, in _view_wrapper
    return view_func(request, *args, **kwargs)
           ^^^^^^^^^^^^^^^^^^^^^^^^^^^^^^^^^^^
  File "C:\Users\User\lab2_secure_api\venv\Lib\site-packages\django\views\decorators\http.py", line 64, in inner
    return func(request, *args, **kwargs)
           ^^^^^^^^^^^^^^^^^^^^^^^^^^^^^^
  File "C:\Users\User\lab2_secure_api\venv\Lib\site-packages\django_ratelimit\decorators.py", line 26, in _wrapped
    raise (import_string(cls) if isinstance(cls, str) else cls)()
django_ratelimit.exceptions.Ratelimited
[2026-04-26 13:51:11] INFO [payment_api] Successful login | username='eve' | ip=127.0.0.1
[2026-04-26 13:51:12] WARNING [django.request] Unauthorized: /api/cards/decrypt/
[2026-04-26 13:51:12] WARNING [django.request] Unauthorized: /api/cards/
[2026-04-26 13:51:12] WARNING [django.request] Unauthorized: /api/cards/
